TN:
SF:/home/andres/playground/Productive/src/SketchSonic/Title.php
FN:8,__construct
FN:14,value
FN:20,__construct
FN:26,__construct
FNDA:2,__construct
FNDA:2,value
FNF:4
FNH:2
DA:9,12
DA:10,12
DA:11,12
DA:15,2
DA:21,2
DA:27,2
LF:6
LH:6
end_of_record
TN:
SF:/home/andres/playground/Productive/src/SketchSonic/Idea.php
FN:6,__construct
FN:17,ideaNumber
FN:21,type
FN:25,title
FN:29,tags
FN:36,createdAt
FN:40,filename
FNDA:12,__construct
FNDA:2,ideaNumber
FNDA:2,type
FNDA:2,title
FNDA:2,tags
FNDA:2,createdAt
FNDA:2,filename
FNF:7
FNH:7
DA:14,12
DA:18,2
DA:22,2
DA:26,2
DA:30,2
DA:32,2
DA:37,2
DA:41,2
LF:8
LH:8
end_of_record
TN:
SF:/home/andres/playground/Productive/src/SketchSonic/IdeaNumber.php
FN:6,__construct
FN:8,prefix
FN:12,value
FNDA:0,__construct
FNDA:2,prefix
FNDA:2,value
FNF:3
FNH:2
DA:9,2
DA:13,2
LF:2
LH:2
end_of_record
TN:
SF:/home/andres/playground/Productive/src/SketchSonic/TagName.php
FN:6,__construct
FN:12,value
FN:16,isWord
FNDA:2,__construct
FNDA:2,value
FNDA:2,isWord
FNF:3
FNH:3
DA:7,2
DA:8,2
DA:9,2
DA:13,2
DA:17,2
LF:5
LH:5
end_of_record
TN:
SF:/home/andres/playground/Productive/src/SketchSonic/IdeaFactory.php
FN:9,__construct
FN:14,make
FN:27,from
FN:38,__invoke
FNDA:12,__construct
FNDA:12,make
FNDA:12,from
FNDA:12,__invoke
FNF:4
FNH:4
DA:10,12
DA:11,12
DA:15,12
DA:16,12
DA:24,12
DA:29,12
DA:31,2
DA:33,2
DA:39,12
LF:9
LH:9
end_of_record
TN:
SF:/home/andres/playground/Productive/src/SketchSonic/InvalidType.php
FN:6,__construct
FNDA:2,__construct
FNF:1
FNH:1
DA:7,2
LF:1
LH:1
end_of_record
TN:
SF:/home/andres/playground/Productive/src/SketchSonic/HashSet.php
FN:8,__construct
FN:13,uniquify
FN:17,all
FNDA:12,__construct
FNDA:12,uniquify
FNDA:2,all
FNF:3
FNH:3
DA:9,12
DA:10,12
DA:14,12
DA:18,2
LF:4
LH:4
end_of_record
TN:
SF:/home/andres/playground/Productive/src/SketchSonic/IdeaType.php
FNF:0
FNH:0
DA:6,0
DA:7,0
LF:2
LH:0
end_of_record
TN:
SF:/home/andres/playground/Productive/src/utils/contracts.php
FN:6,__construct
FN:10,formatMessage
FN:16,varDump
FN:40,verify
FN:45,invariant
FN:49,check
FNDA:2,__construct
FNDA:2,formatMessage
FNDA:2,varDump
FNDA:2,verify
FNDA:12,invariant
FNDA:2,check
FNF:6
FNH:6
DA:7,2
DA:11,2
DA:12,2
DA:13,2
DA:17,2
DA:18,2
DA:19,2
DA:20,2
DA:42,2
DA:46,12
DA:51,2
LF:11
LH:11
end_of_record
