TN:
SF:/home/andres/playground/Productive/src/InspireFuel/Title.php
FN:6,__construct
FNDA:2,__construct
FNF:1
FNH:1
DA:10,2
LF:1
LH:1
end_of_record
TN:
SF:/home/andres/playground/Productive/src/InspireFuel/Tags.php
FN:6,__construct
FN:14,all
FN:18,tagsAreStrings
FN:23,noEmptyTags
FN:28,tagsAreSingleWords
FN:33,noneExist
FN:38,filterWithIndex
FNDA:2,__construct
FNDA:2,all
FNDA:2,tagsAreStrings
FNDA:2,noEmptyTags
FNDA:2,tagsAreSingleWords
FNDA:2,noneExist
FNDA:2,filterWithIndex
FNF:7
FNH:7
DA:11,2
DA:15,2
DA:19,2
DA:20,2
DA:24,2
DA:25,2
DA:29,2
DA:30,2
DA:34,2
DA:35,2
DA:39,2
DA:42,2
DA:43,2
LF:13
LH:13
end_of_record
TN:
SF:/home/andres/playground/Productive/src/InspireFuel/UID.php
FN:6,__construct
FN:8,prefix
FN:12,value
FNDA:0,__construct
FNDA:2,prefix
FNDA:2,value
FNF:3
FNH:2
DA:9,2
DA:13,2
LF:2
LH:2
end_of_record
TN:
SF:/home/andres/playground/Productive/src/InspireFuel/Idea.php
FN:6,__construct
FN:17,uid
FN:21,type
FN:25,tags
FN:29,createdAt
FN:33,filename
FNDA:2,__construct
FNDA:2,uid
FNDA:2,type
FNDA:2,tags
FNDA:2,createdAt
FNDA:2,filename
FNF:6
FNH:6
DA:14,2
DA:18,2
DA:22,2
DA:26,2
DA:30,2
DA:34,2
LF:6
LH:6
end_of_record
TN:
SF:/home/andres/playground/Productive/src/InspireFuel/IdeaType.php
FNF:0
FNH:0
DA:6,0
DA:7,0
LF:2
LH:0
end_of_record
TN:
SF:/home/andres/playground/Productive/src/contracts.php
FN:4,__construct
FN:8,formatMessage
FN:14,varDump
FN:34,verify
FN:38,ensure
FN:42,invariant
FN:46,invariants
FN:50,requires
FN:54,ensures
FN:58,check
FN:63,checkAll
FNDA:2,__construct
FNDA:2,formatMessage
FNDA:2,varDump
FNDA:0,verify
FNDA:0,ensure
FNDA:2,invariant
FNDA:2,invariants
FNDA:0,requires
FNDA:0,ensures
FNDA:2,check
FNDA:2,checkAll
FNF:11
FNH:7
DA:5,2
DA:9,2
DA:10,2
DA:11,2
DA:15,2
DA:16,2
DA:17,2
DA:18,2
DA:35,0
DA:39,0
DA:43,2
DA:47,2
DA:51,0
DA:55,0
DA:60,2
DA:65,2
LF:16
LH:12
end_of_record
